0 info it worked if it ends with ok
1 verbose cli [ '/Users/marcio/.nvm/versions/node/v6.7.0/bin/node',
1 verbose cli   '/Users/marcio/.nvm/versions/node/v6.7.0/bin/npm',
1 verbose cli   'install',
1 verbose cli   'v4l2camera',
1 verbose cli   '--save' ]
2 info using npm@3.10.3
3 info using node@v6.7.0
4 silly loadCurrentTree Starting
5 silly install loadCurrentTree
6 silly install readLocalPackageData
7 silly fetchPackageMetaData v4l2camera
8 silly fetchNamedPackageData v4l2camera
9 silly mapToRegistry name v4l2camera
10 silly mapToRegistry using default registry
11 silly mapToRegistry registry https://registry.npmjs.org/
12 silly mapToRegistry data Result {
12 silly mapToRegistry   raw: 'v4l2camera',
12 silly mapToRegistry   scope: null,
12 silly mapToRegistry   escapedName: 'v4l2camera',
12 silly mapToRegistry   name: 'v4l2camera',
12 silly mapToRegistry   rawSpec: '',
12 silly mapToRegistry   spec: 'latest',
12 silly mapToRegistry   type: 'tag' }
13 silly mapToRegistry uri https://registry.npmjs.org/v4l2camera
14 verbose request uri https://registry.npmjs.org/v4l2camera
15 verbose request no auth needed
16 info attempt registry request try #1 at 8:43:36 PM
17 verbose request id 72b6b43660af44d0
18 http request GET https://registry.npmjs.org/v4l2camera
19 http 200 https://registry.npmjs.org/v4l2camera
20 verbose headers { server: 'nginx/1.10.1',
20 verbose headers   'content-type': 'application/json',
20 verbose headers   'last-modified': 'Thu, 02 Jun 2016 18:29:20 GMT',
20 verbose headers   etag: 'W/"57507b00-68ed"',
20 verbose headers   'content-encoding': 'gzip',
20 verbose headers   'cache-control': 'max-age=300',
20 verbose headers   'content-length': '3883',
20 verbose headers   'accept-ranges': 'bytes',
20 verbose headers   date: 'Thu, 05 Jan 2017 22:43:37 GMT',
20 verbose headers   via: '1.1 varnish',
20 verbose headers   age: '0',
20 verbose headers   connection: 'keep-alive',
20 verbose headers   'x-served-by': 'cache-gru7123-GRU',
20 verbose headers   'x-cache': 'MISS',
20 verbose headers   'x-cache-hits': '0',
20 verbose headers   'x-timer': 'S1483656216.725615,VS0,VE765',
20 verbose headers   vary: 'Accept-Encoding' }
21 silly get cb [ 200,
21 silly get   { server: 'nginx/1.10.1',
21 silly get     'content-type': 'application/json',
21 silly get     'last-modified': 'Thu, 02 Jun 2016 18:29:20 GMT',
21 silly get     etag: 'W/"57507b00-68ed"',
21 silly get     'content-encoding': 'gzip',
21 silly get     'cache-control': 'max-age=300',
21 silly get     'content-length': '3883',
21 silly get     'accept-ranges': 'bytes',
21 silly get     date: 'Thu, 05 Jan 2017 22:43:37 GMT',
21 silly get     via: '1.1 varnish',
21 silly get     age: '0',
21 silly get     connection: 'keep-alive',
21 silly get     'x-served-by': 'cache-gru7123-GRU',
21 silly get     'x-cache': 'MISS',
21 silly get     'x-cache-hits': '0',
21 silly get     'x-timer': 'S1483656216.725615,VS0,VE765',
21 silly get     vary: 'Accept-Encoding' } ]
22 verbose get saving v4l2camera to /Users/marcio/.npm/registry.npmjs.org/v4l2camera/.cache.json
23 verbose correctMkdir /Users/marcio/.npm correctMkdir not in flight; initializing
24 silly install normalizeTree
25 silly loadCurrentTree Finishing
26 silly loadIdealTree Starting
27 silly install loadIdealTree
28 silly cloneCurrentTree Starting
29 silly install cloneCurrentTreeToIdealTree
30 silly cloneCurrentTree Finishing
31 silly loadShrinkwrap Starting
32 silly install loadShrinkwrap
33 silly loadShrinkwrap Finishing
34 silly loadAllDepsIntoIdealTree Starting
35 silly install loadAllDepsIntoIdealTree
36 silly rollbackFailedOptional Starting
37 silly rollbackFailedOptional Finishing
38 silly runTopLevelLifecycles Starting
39 silly runTopLevelLifecycles Finishing
40 silly install printInstalled
41 verbose stack Error: Unsupported platform for v4l2camera@1.0.4: wanted {"name":"v4l2camera","version":"1.0.4","description":"Capturing images from USB(UVC) webcam on linux machines","keywords":["linux","camera","native","v4l2","video4linux2"],"homepage":"https://github.com/bellbind/node-v4l2camera","bugs":{"url":"https://github.com/bellbind/node-v4l2camera/issues"},"license":"(MIT OR LGPL-3.0)","author":{"name":"bellbind","email":"bellbind@gmail.com","url":"http://bellbind.tumblr.com"},"main":"./index.js","directories":{"example":"./examples"},"repository":{"type":"git","url":"git+ssh://git@github.com/bellbind/node-v4l2camera.git"},"devDependencies":{"pngjs":"*","jpeg-js":"*"},"engines":{"node":">=4.0.0"},"scripts":{"test":"node test.js","make-c-examples":"make -f c-examples.makefile","install":"node-gyp rebuild"},"os":["linux"],"dependencies":{"nan":">=2.3.0"},"contributors":[{"name":"Tim Cameron Ryan","email":"id@timryan.org","url":"https://github.com/tcr"},{"name":"vird","email":"virdvip@gmail.com","url":"https://github.com/vird"},{"name":"Lennart Kolmodin","email":"kolmodin@gmail.com","url":"https://github.com/kolmodin"}],"gypfile":true,"gitHead":"7d2c321ca123e2ee6bbc83426e152a6c6717c728","_id":"v4l2camera@1.0.4","_shasum":"9c68be925030e85044629121071d934b0c173095","_from":"v4l2camera","_npmVersion":"3.8.9","_nodeVersion":"6.2.0","_npmUser":{"name":"bellbind","email":"bellbind@gmail.com"},"maintainers":[{"name":"bellbind","email":"bellbind@gmail.com"}],"dist":{"shasum":"9c68be925030e85044629121071d934b0c173095","tarball":"https://registry.npmjs.org/v4l2camera/-/v4l2camera-1.0.4.tgz"},"_npmOperationalInternal":{"host":"packages-12-west.internal.npmjs.com","tmp":"tmp/v4l2camera-1.0.4.tgz_1464892159646_0.40505370730534196"},"_resolved":"https://registry.npmjs.org/v4l2camera/-/v4l2camera-1.0.4.tgz","_requested":{"raw":"v4l2camera","scope":null,"escapedName":"v4l2camera","name":"v4l2camera","rawSpec":"","spec":"latest","type":"tag"},"_spec":"v4l2camera","_where":"/Users/marcio/Documents/TagMe_Git_Workspace/SoP_Camera","_args":[[{"raw":"v4l2camera","scope":null,"escapedName":"v4l2camera","name":"v4l2camera","rawSpec":"","spec":"latest","type":"tag"},"/Users/marcio/Documents/TagMe_Git_Workspace/SoP_Camera"]],"readme":"ERROR: No README data found!"} (current: {"os":"darwin","cpu":"x64"})
41 verbose stack     at checkPlatform (/Users/marcio/.nvm/versions/node/v6.7.0/lib/node_modules/npm/node_modules/npm-install-checks/index.js:45:14)
41 verbose stack     at thenWarnEngineIssues (/Users/marcio/.nvm/versions/node/v6.7.0/lib/node_modules/npm/lib/install/validate-args.js:41:5)
41 verbose stack     at /Users/marcio/.nvm/versions/node/v6.7.0/lib/node_modules/npm/node_modules/iferr/index.js:13:50
41 verbose stack     at checkEngine (/Users/marcio/.nvm/versions/node/v6.7.0/lib/node_modules/npm/node_modules/npm-install-checks/index.js:24:10)
41 verbose stack     at module.exports.isInstallable (/Users/marcio/.nvm/versions/node/v6.7.0/lib/node_modules/npm/lib/install/validate-args.js:38:3)
41 verbose stack     at Array.<anonymous> (/Users/marcio/.nvm/versions/node/v6.7.0/lib/node_modules/npm/node_modules/slide/lib/bind-actor.js:15:8)
41 verbose stack     at LOOP (/Users/marcio/.nvm/versions/node/v6.7.0/lib/node_modules/npm/node_modules/slide/lib/chain.js:15:14)
41 verbose stack     at /Users/marcio/.nvm/versions/node/v6.7.0/lib/node_modules/npm/node_modules/slide/lib/chain.js:18:7
41 verbose stack     at checkSelf (/Users/marcio/.nvm/versions/node/v6.7.0/lib/node_modules/npm/lib/install/validate-args.js:46:72)
41 verbose stack     at Array.<anonymous> (/Users/marcio/.nvm/versions/node/v6.7.0/lib/node_modules/npm/node_modules/slide/lib/bind-actor.js:15:8)
42 verbose pkgid v4l2camera@1.0.4
43 verbose cwd /Users/marcio/Documents/TagMe_Git_Workspace/SoP_Camera
44 error Darwin 16.1.0
45 error argv "/Users/marcio/.nvm/versions/node/v6.7.0/bin/node" "/Users/marcio/.nvm/versions/node/v6.7.0/bin/npm" "install" "v4l2camera" "--save"
46 error node v6.7.0
47 error npm  v3.10.3
48 error code EBADPLATFORM
49 error notsup Not compatible with your operating system or architecture: v4l2camera@1.0.4
50 error notsup Valid OS:    linux
50 error notsup Valid Arch:  any
50 error notsup Actual OS:   darwin
50 error notsup Actual Arch: x64
51 verbose exit [ 1, true ]
